This is pdfTeX, Version 3.141592653-2.6-1.40.24 (MiKTeX 22.10) (preloaded format=pdflatex 2023.2.19)  20 FEB 2023 23:26
entering extended mode
 restricted \write18 enabled.
 %&-line parsing enabled.
**./document.tex
(document.tex
LaTeX2e <2022-06-01> patch level 5
L3 programming layer <2022-09-28> (D:\Mik TEX\tex/latex/base\report.cls
Document Class: report 2021/10/04 v1.4n Standard LaTeX document class
(D:\Mik TEX\tex/latex/base\size12.clo
File: size12.clo 2021/10/04 v1.4n Standard LaTeX file (size option)
)
\c@part=\count185
\c@chapter=\count186
\c@section=\count187
\c@subsection=\count188
\c@subsubsection=\count189
\c@paragraph=\count190
\c@subparagraph=\count191
\c@figure=\count192
\c@table=\count193
\abovecaptionskip=\skip47
\belowcaptionskip=\skip48
\bibindent=\dimen138
)
(D:\Mik TEX\tex/latex/graphics\graphicx.sty
Package: graphicx 2021/09/16 v1.2d Enhanced LaTeX Graphics (DPC,SPQR)

(D:\Mik TEX\tex/latex/graphics\keyval.sty
Package: keyval 2022/05/29 v1.15 key=value parser (DPC)
\KV@toks@=\toks16
)
(D:\Mik TEX\tex/latex/graphics\graphics.sty
Package: graphics 2022/03/10 v1.4e Standard LaTeX Graphics (DPC,SPQR)

(D:\Mik TEX\tex/latex/graphics\trig.sty
Package: trig 2021/08/11 v1.11 sin cos tan (DPC)
)
(D:\Mik TEX\tex/latex/graphics-cfg\graphics.cfg
File: graphics.cfg 2016/06/04 v1.11 sample graphics configuration
)
Package graphics Info: Driver file: pdftex.def on input line 107.

(D:\Mik TEX\tex/latex/graphics-def\pdftex.def
File: pdftex.def 2022/09/22 v1.2b Graphics/color driver for pdftex
\stockwidth=\dimen139
\stockheight=\dimen140
))
\Gin@req@height=\dimen141
\Gin@req@width=\dimen142
)
(D:\Mik TEX\tex/latex/listings\listings.sty
\lst@mode=\count194
\lst@gtempboxa=\box51
\lst@token=\toks17
\lst@length=\count195
\lst@currlwidth=\dimen143
\lst@column=\count196
\lst@pos=\count197
\lst@lostspace=\dimen144
\lst@width=\dimen145
\lst@newlines=\count198
\lst@lineno=\count199
\lst@maxwidth=\dimen146

(D:\Mik TEX\tex/latex/listings\lstmisc.sty
File: lstmisc.sty 2020/03/24 1.8d (Carsten Heinz)
\c@lstnumber=\count266
\lst@skipnumbers=\count267
\lst@framebox=\box52
)
(D:\Mik TEX\tex/latex/listings\listings.cfg
File: listings.cfg 2020/03/24 1.8d listings configuration
))
Package: listings 2020/03/24 1.8d (Carsten Heinz)
 (D:\Mik TEX\tex/latex/url\url.sty
\Urlmuskip=\muskip16
Package: url 2013/09/16  ver 3.4  Verb mode for urls, etc.
) (D:\Mik TEX\tex/latex/l3backend\l3backend-pdftex.def
File: l3backend-pdftex.def 2022-09-28 L3 backend support: PDF output (pdfTeX)
\l__color_backend_stack_int=\count268
\l__pdf_internal_box=\box53
) (document.aux
(chap120.aux))
\openout1 = `document.aux'.

LaTeX Font Info:    Checking defaults for OML/cmm/m/it on input line 9.
LaTeX Font Info:    ... okay on input line 9.
LaTeX Font Info:    Checking defaults for OMS/cmsy/m/n on input line 9.
LaTeX Font Info:    ... okay on input line 9.
LaTeX Font Info:    Checking defaults for OT1/cmr/m/n on input line 9.
LaTeX Font Info:    ... okay on input line 9.
LaTeX Font Info:    Checking defaults for T1/cmr/m/n on input line 9.
LaTeX Font Info:    ... okay on input line 9.
LaTeX Font Info:    Checking defaults for TS1/cmr/m/n on input line 9.
LaTeX Font Info:    ... okay on input line 9.
LaTeX Font Info:    Checking defaults for OMX/cmex/m/n on input line 9.
LaTeX Font Info:    ... okay on input line 9.
LaTeX Font Info:    Checking defaults for U/cmr/m/n on input line 9.
LaTeX Font Info:    ... okay on input line 9.
 (D:\Mik TEX\tex/context/base/mkii\supp-pdf.mkii
[Loading MPS to PDF converter (version 2006.09.02).]
\scratchcounter=\count269
\scratchdimen=\dimen147
\scratchbox=\box54
\nofMPsegments=\count270
\nofMParguments=\count271
\everyMPshowfont=\toks18
\MPscratchCnt=\count272
\MPscratchDim=\dimen148
\MPnumerator=\count273
\makeMPintoPDFobject=\count274
\everyMPtoPDFconversion=\toks19
) (D:\Mik TEX\tex/latex/epstopdf-pkg\epstopdf-base.sty
Package: epstopdf-base 2020-01-24 v2.11 Base part for package epstopdf
Package epstopdf-base Info: Redefining graphics rule for `.eps' on input line 4
85.

(D:\Mik TEX\tex/latex/00miktex\epstopdf-sys.cfg
File: epstopdf-sys.cfg 2021/03/18 v2.0 Configuration of epstopdf for MiKTeX
))
\c@lstlisting=\count275
\openout2 = `doc0.aux'.

 (doc0.tex

! LaTeX Error: Can be used only in preamble.

See the LaTeX manual or LaTeX Companion for explanation.
Type  H <return>  for immediate help.
 ...                                              
                                                  
l.1 \documentclass
                  [12pt]{report}
Your command was ignored.
Type  I <command> <return>  to replace it with another command,
or  <return>  to continue without it.


! LaTeX Error: Can be used only in preamble.

See the LaTeX manual or LaTeX Companion for explanation.
Type  H <return>  for immediate help.
 ...                                              
                                                  
l.2 \usepackage
               {geometry}
Your command was ignored.
Type  I <command> <return>  to replace it with another command,
or  <return>  to continue without it.


! LaTeX Error: Can be used only in preamble.

See the LaTeX manual or LaTeX Companion for explanation.
Type  H <return>  for immediate help.
 ...                                              
                                                  
l.3 \usepackage
               {graphicx}
Your command was ignored.
Type  I <command> <return>  to replace it with another command,
or  <return>  to continue without it.


! LaTeX Error: Can be used only in preamble.

See the LaTeX manual or LaTeX Companion for explanation.
Type  H <return>  for immediate help.
 ...                                              
                                                  
l.4 \usepackage
               {xcolor}
Your command was ignored.
Type  I <command> <return>  to replace it with another command,
or  <return>  to continue without it.


! LaTeX Error: Can be used only in preamble.

See the LaTeX manual or LaTeX Companion for explanation.
Type  H <return>  for immediate help.
 ...                                              
                                                  
l.5 \usepackage
               {titlesec}
Your command was ignored.
Type  I <command> <return>  to replace it with another command,
or  <return>  to continue without it.


! LaTeX Error: Can be used only in preamble.

See the LaTeX manual or LaTeX Companion for explanation.
Type  H <return>  for immediate help.
 ...                                              
                                                  
l.6 \usepackage
               {float}
Your command was ignored.
Type  I <command> <return>  to replace it with another command,
or  <return>  to continue without it.


! LaTeX Error: Can be used only in preamble.

See the LaTeX manual or LaTeX Companion for explanation.
Type  H <return>  for immediate help.
 ...                                              
                                                  
l.10 \begin{document}
                     
Your command was ignored.
Type  I <command> <return>  to replace it with another command,
or  <return>  to continue without it.

[1


{C:/Users/DELL 7480/AppData/Local/MiKTeX/fonts/map/pdftex/pdftex.map}]
Chapter 1.

LaTeX Warning: Citation `dai2019blockchain' on page 2 undefined on input line 1
7.


! LaTeX Error: Unknown float option `H'.

See the LaTeX manual or LaTeX Companion for explanation.
Type  H <return>  for immediate help.
 ...                                              
                                                  
l.18 	\begin{figure}[H]
                       
Option `H' ignored and `p' used.

<./images//iot.jpg, id=6, 1258.7025pt x 839.135pt>
File: ./images//iot.jpg Graphic file (type jpg)
<use ./images//iot.jpg>
Package pdftex.def Info: ./images//iot.jpg  used on input line 20.
(pdftex.def)             Requested size: 195.0pt x 130.00055pt.

LaTeX Warning: Citation `globalsign-iot' on page 2 undefined on input line 21.


LaTeX Warning: Citation `gupta2020overview' on page 2 undefined on input line 2
6.


! LaTeX Error: Unknown float option `H'.

See the LaTeX manual or LaTeX Companion for explanation.
Type  H <return>  for immediate help.
 ...                                              
                                                  
l.27 		\begin{figure}[H]
                        
Option `H' ignored and `p' used.

<./images//three-layer-iot-architecture.png, id=7, 702.625pt x 602.25pt>
File: ./images//three-layer-iot-architecture.png Graphic file (type png)
<use ./images//three-layer-iot-architecture.png>
Package pdftex.def Info: ./images//three-layer-iot-architecture.png  used on in
put line 29.
(pdftex.def)             Requested size: 234.00238pt x 200.57184pt.

LaTeX Warning: Citation `netburner' on page 2 undefined on input line 31.

[2

] [3 <./images//iot.jpg> <./images//three-layer-iot-architecture.png>]

! LaTeX Error: Unknown float option `H'.

See the LaTeX manual or LaTeX Companion for explanation.
Type  H <return>  for immediate help.
 ...                                              
                                                  
l.49 	\begin{figure}[H]
                       
Option `H' ignored and `p' used.

<./images//network.png, id=17, 739.76375pt x 419.5675pt>
File: ./images//network.png Graphic file (type png)
<use ./images//network.png>
Package pdftex.def Info: ./images//network.png  used on input line 51.
(pdftex.def)             Requested size: 312.00119pt x 176.95338pt.

LaTeX Warning: Citation `sustainablewebdesign' on page 4 undefined on input lin
e 53.

[4]

LaTeX Warning: Citation `particleIoT' on page 5 undefined on input line 61.


! LaTeX Error: Unknown float option `H'.

See the LaTeX manual or LaTeX Companion for explanation.
Type  H <return>  for immediate help.
 ...                                              
                                                  
l.62 	\begin{figure}[H]
                       
Option `H' ignored and `p' used.

<./images//iot-protocoles.jpg, id=22, 1205.50375pt x 511.9125pt>
File: ./images//iot-protocoles.jpg Graphic file (type jpg)
<use ./images//iot-protocoles.jpg>
Package pdftex.def Info: ./images//iot-protocoles.jpg  used on input line 64.
(pdftex.def)             Requested size: 390.0pt x 165.61191pt.

LaTeX Warning: Citation `netburner' on page 5 undefined on input line 66.


! LaTeX Error: Unknown float option `H'.

See the LaTeX manual or LaTeX Companion for explanation.
Type  H <return>  for immediate help.
 ...                                              
                                                  
l.70 	\begin{figure}[H]
                       
Option `H' ignored and `p' used.

<./images//network-protocol.jpg, id=23, 752.8125pt x 501.875pt>
File: ./images//network-protocol.jpg Graphic file (type jpg)
<use ./images//network-protocol.jpg>
Package pdftex.def Info: ./images//network-protocol.jpg  used on input line 72.

(pdftex.def)             Requested size: 272.99881pt x 181.99968pt.

LaTeX Warning: Citation `iotdesignpro' on page 5 undefined on input line 74.


LaTeX Warning: Citation `inproceedings' on page 5 undefined on input line 82.

[5] [6 <./images//network.png> <./images//iot-protocoles.jpg>]

LaTeX Warning: Citation `lorawanSpec' on page 7 undefined on input line 84.


! LaTeX Error: Unknown float option `H'.

See the LaTeX manual or LaTeX Companion for explanation.
Type  H <return>  for immediate help.
 ...                                              
                                                  
l.86 		\begin{figure}[H]
                        
Option `H' ignored and `p' used.

<./images//coap.png, id=31, 1773.62625pt x 1003.75pt>
File: ./images//coap.png Graphic file (type png)
<use ./images//coap.png>
Package pdftex.def Info: ./images//coap.png  used on input line 88.
(pdftex.def)             Requested size: 390.0pt x 220.70316pt.

LaTeX Warning: Citation `daviteq' on page 7 undefined on input line 90.


LaTeX Warning: Citation `7446846' on page 7 undefined on input line 94.


LaTeX Warning: Citation `particleIoT' on page 7 undefined on input line 94.


LaTeX Warning: Citation `particleIoT' on page 7 undefined on input line 97.


LaTeX Warning: Citation `7446846' on page 7 undefined on input line 97.

[7] [8 <./images//network-protocol.jpg> <./images//coap.png (PNG copy)>]

LaTeX Warning: Citation `8088251' on page 9 undefined on input line 99.


LaTeX Warning: Citation `7158101' on page 9 undefined on input line 99.


LaTeX Warning: Citation `han2015semantic' on page 9 undefined on input line 99.



LaTeX Warning: Citation `8088251' on page 9 undefined on input line 101.


! LaTeX Error: Unknown float option `H'.

See the LaTeX manual or LaTeX Companion for explanation.
Type  H <return>  for immediate help.
 ...                                              
                                                  
l.104 		\begin{figure}[H]
                         
Option `H' ignored and `p' used.

<./images//ss.png, id=39, 428.60126pt x 428.60126pt>
File: ./images//ss.png Graphic file (type png)
<use ./images//ss.png>
Package pdftex.def Info: ./images//ss.png  used on input line 106.
(pdftex.def)             Requested size: 234.00238pt x 234.00487pt.

LaTeX Warning: Citation `articleKorea' on page 9 undefined on input line 108.

[9] [10] [11 <./images//ss.png>]
No file document.toc.
\tf@toc=\write3
\openout3 = `document.toc'.

[12

] (document.lof
LaTeX Font Info:    External font `cmex10' loaded for size
(Font)              <12> on input line 1.
LaTeX Font Info:    External font `cmex10' loaded for size
(Font)              <8> on input line 1.
LaTeX Font Info:    External font `cmex10' loaded for size
(Font)              <6> on input line 1.
)
\tf@lof=\write4
\openout4 = `document.lof'.

 [13

]
No file document.lot.
\tf@lot=\write5
\openout5 = `document.lot'.

(document.bbl [14

]
Underfull \hbox (badness 10000) in paragraph at lines 9--14
[]\OT1/cmr/m/n/12 SCHMIDT.  Rfid so-lu-tions.  $\OT1/cmtt/m/n/12 http : / / www
 . schmidt . com . cn /
 []

[15

]
Underfull \hbox (badness 1221) in paragraph at lines 124--127
[]\OT1/cmr/m/n/12 Khai Loong Chong, Kas-turi Devi Kan-niah, Chris-tine Pohl, an
d
 []

[16] [17]) [18] (document.aux (doc0.aux)
Runaway argument?
! File ended while scanning use of \@newl@bel.
<inserted text> 
                \par 
l.2 \@input{doc0.aux}
                     
I suspect you have forgotten a `}', causing me
to read past where you wanted me to stop.
I'll try to recover; but if the error is serious,
you'd better type `E' or `X' now and fix your file.

)

LaTeX Warning: There were undefined references.


LaTeX Warning: Label(s) may have changed. Rerun to get cross-references right.

 ) )
(\end occurred inside a group at level 1)

### semi simple group (level 1) entered at line 10 (\begingroup)
### bottom level
(\end occurred when \iftrue on line 10 was incomplete)
(\end occurred when \ifx on line 10 was incomplete)
(\end occurred when \ifnum on line 10 was incomplete) 
Here is how much of TeX's memory you used:
 2956 strings out of 475385
 45742 string characters out of 2792805
 389951 words of memory out of 3000000
 24335 multiletter control sequences out of 15000+600000
 474972 words of font info for 47 fonts, out of 8000000 for 9000
 1141 hyphenation exceptions out of 8191
 55i,7n,62p,1008b,345s stack positions out of 10000i,1000n,20000p,200000b,80000s
 <C:\Users\DELL 7480\AppDa
ta\Local\MiKTeX\fonts/pk/ljfour/jknappen/ec/dpi600\tcrm1200.pk><D:/Mik TEX/font
s/type1/public/amsfonts/cm/cmbx12.pfb><D:/Mik TEX/fonts/type1/public/amsfonts/c
m/cmr12.pfb><D:/Mik TEX/fonts/type1/public/amsfonts/cm/cmti12.pfb><D:/Mik TEX/f
onts/type1/public/amsfonts/cm/cmtt12.pfb>
Output written on document.pdf (18 pages, 843189 bytes).
PDF statistics:
 96 PDF objects out of 1000 (max. 8388607)
 0 named destinations out of 1000 (max. 500000)
 36 words of extra memory for PDF output out of 10000 (max. 10000000)

